<?xml version="1.0" encoding="UTF-8"?>
<!-- Generated by org.testng.reporters.JUnitReportReporter -->
<testsuite hostname="DESKTOP-BAMVBH7" failures="0" tests="7" name="TestRunner.TestRnr" time="32.044" errors="0" timestamp="2023-12-06T11:30:24 IST" skipped="0">
  <testcase classname="TestRunner.TestRnr" name="chromeicon" time="4.840"/>
  <system-out/>
  <testcase classname="TestRunner.TestRnr" name="dropdownbtn" time="3.519"/>
  <system-out/>
  <testcase classname="TestRunner.TestRnr" name="taphello" time="4.720"/>
  <system-out/>
  <testcase classname="TestRunner.TestRnr" name="textname" time="5.102"/>
  <system-out/>
  <testcase classname="TestRunner.TestRnr" name="selectdropdwnbtn" time="3.829"/>
  <system-out/>
  <testcase classname="TestRunner.TestRnr" name="tapmercedes" time="6.650"/>
  <system-out/>
  <testcase classname="TestRunner.TestRnr" name="submit" time="3.384"/>
  <system-out/>
</testsuite> <!-- TestRunner.TestRnr -->
